[2025-11-17 10:24:22] production.INFO: Twilio Attempt - SID: ACc7857f06916114ad8b82d4be934b8690  
[2025-11-17 10:24:22] production.INFO: Twilio Attempt - Service SID: VAfcd8da5905bb98618c968f8d5baa6364  
[2025-11-17 10:24:22] production.INFO: Twilio Attempt - Phone: +966549218744  
[2025-11-17 10:24:23] production.ERROR: Twilio Error: [HTTP 401] Unable to create record: Authenticate  
[2025-11-17 10:24:23] production.ERROR: Twilio Error Details: #0 /home/u177601598/domains/bulk.com.sa/public_html/@core/vendor/twilio/sdk/src/Twilio/Version.php(223): Twilio\Version->exception()
#1 /home/u177601598/domains/bulk.com.sa/public_html/@core/vendor/twilio/sdk/src/Twilio/Rest/Verify/V2/Service/VerificationList.php(106): Twilio\Version->create()
#2 /home/u177601598/domains/bulk.com.sa/public_html/@core/app/Http/Controllers/Auth/LoginController.php(151): Twilio\Rest\Verify\V2\Service\VerificationList->create()
#3 /home/u177601598/domains/bulk.com.sa/public_html/@core/vendor/laravel/framework/src/Illuminate/Routing/Controller.php(54): App\Http\Controllers\Auth\LoginController->sendLoginOtp()
#4 /home/u177601598/domains/bulk.com.sa/public_html/@core/vendor/laravel/framework/src/Illuminate/Routing/ControllerDispatcher.php(43): Illuminate\Routing\Controller->callAction()
#5 /home/u177601598/domains/bulk.com.sa/public_html/@core/vendor/laravel/framework/src/Illuminate/Routing/Route.php(259): Illuminate\Routing\ControllerDispatcher->dispatch()
#6 /home/u177601598/domains/bulk.com.sa/public_html/@core/vendor/laravel/framework/src/Illuminate/Routing/Route.php(205): Illuminate\Routing\Route->runController()
#7 /home/u177601598/domains/bulk.com.sa/public_html/@core/vendor/laravel/framework/src/Illuminate/Routing/Router.php(806): Illuminate\Routing\Route->run()
#8 /home/u177601598/domains/bulk.com.sa/public_html/@core/vendor/laravel/framework/src/Illuminate/Pipeline/Pipeline.php(144): Illuminate\Routing\Router->Illuminate\Routing\{closure}()
#9 /home/u177601598/domains/bulk.com.sa/public_html/@core/app/Http/Middleware/RedirectIfAuthenticated.php(28): Illuminate\Pipeline\Pipeline->Illuminate\Pipeline\{closure}()
#10 /home/u177601598/domains/bulk.com.sa/public_html/@core/vendor/laravel/framework/src/Illuminate/Pipeline/Pipeline.php(183): App\Http\Middleware\RedirectIfAuthenticated->handle()
#11 /home/u177601598/domains/bulk.com.sa/public_html/@core/app/Http/Middleware/RedirectIfAuthenticated.php(28): Illuminate\Pipeline\Pipeline->Illuminate\Pipeline\{closure}()
#12 /home/u177601598/domains/bulk.com.sa/public_html/@core/vendor/laravel/framework/src/Illuminate/Pipeline/Pipeline.php(183): App\Http\Middleware\RedirectIfAuthenticated->handle()
#13 /home/u177601598/domains/bulk.com.sa/public_html/@core/vendor/laravel/framework/src/Illuminate/Routing/Middleware/SubstituteBindings.php(50): Illuminate\Pipeline\Pipeline->Illuminate\Pipeline\{closure}()
#14 /home/u177601598/domains/bulk.com.sa/public_html/@core/vendor/laravel/framework/src/Illuminate/Pipeline/Pipeline.php(183): Illuminate\Routing\Middleware\SubstituteBindings->handle()
#15 /home/u177601598/domains/bulk.com.sa/public_html/@core/vendor/laravel/framework/src/Illuminate/Foundation/Http/Middleware/VerifyCsrfToken.php(78): Illuminate\Pipeline\Pipeline->Illuminate\Pipeline\{closure}()
#16 /home/u177601598/domains/bulk.com.sa/public_html/@core/vendor/laravel/framework/src/Illuminate/Pipeline/Pipeline.php(183): Illuminate\Foundation\Http\Middleware\VerifyCsrfToken->handle()
#17 /home/u177601598/domains/bulk.com.sa/public_html/@core/vendor/laravel/framework/src/Illuminate/View/Middleware/ShareErrorsFromSession.php(49): Illuminate\Pipeline\Pipeline->Illuminate\Pipeline\{closure}()
#18 /home/u177601598/domains/bulk.com.sa/public_html/@core/vendor/laravel/framework/src/Illuminate/Pipeline/Pipeline.php(183): Illuminate\View\Middleware\ShareErrorsFromSession->handle()
#19 /home/u177601598/domains/bulk.com.sa/public_html/@core/vendor/laravel/framework/src/Illuminate/Session/Middleware/StartSession.php(121): Illuminate\Pipeline\Pipeline->Illuminate\Pipeline\{closure}()
#20 /home/u177601598/domains/bulk.com.sa/public_html/@core/vendor/laravel/framework/src/Illuminate/Session/Middleware/StartSession.php(64): Illuminate\Session\Middleware\StartSession->handleStatefulRequest()
#21 /home/u177601598/domains/bulk.com.sa/public_html/@core/vendor/laravel/framework/src/Illuminate/Pipeline/Pipeline.php(183): Illuminate\Session\Middleware\StartSession->handle()
#22 /home/u177601598/domains/bulk.com.sa/public_html/@core/vendor/laravel/framework/src/Illuminate/Cookie/Middleware/AddQueuedCookiesToResponse.php(37): Illuminate\Pipeline\Pipeline->Illuminate\Pipeline\{closure}()
#23 /home/u177601598/domains/bulk.com.sa/public_html/@core/vendor/laravel/framework/src/Illuminate/Pipeline/Pipeline.php(183): Illuminate\Cookie\Middleware\AddQueuedCookiesToResponse->handle()
#24 /home/u177601598/domains/bulk.com.sa/public_html/@core/vendor/laravel/framework/src/Illuminate/Cookie/Middleware/EncryptCookies.php(67): Illuminate\Pipeline\Pipeline->Illuminate\Pipeline\{closure}()
#25 /home/u177601598/domains/bulk.com.sa/public_html/@core/vendor/laravel/framework/src/Illuminate/Pipeline/Pipeline.php(183): Illuminate\Cookie\Middleware\EncryptCookies->handle()
#26 /home/u177601598/domains/bulk.com.sa/public_html/@core/vendor/laravel/framework/src/Illuminate/Pipeline/Pipeline.php(119): Illuminate\Pipeline\Pipeline->Illuminate\Pipeline\{closure}()
#27 /home/u177601598/domains/bulk.com.sa/public_html/@core/vendor/laravel/framework/src/Illuminate/Routing/Router.php(805): Illuminate\Pipeline\Pipeline->then()
#28 /home/u177601598/domains/bulk.com.sa/public_html/@core/vendor/laravel/framework/src/Illuminate/Routing/Router.php(784): Illuminate\Routing\Router->runRouteWithinStack()
#29 /home/u177601598/domains/bulk.com.sa/public_html/@core/vendor/laravel/framework/src/Illuminate/Routing/Router.php(748): Illuminate\Routing\Router->runRoute()
#30 /home/u177601598/domains/bulk.com.sa/public_html/@core/vendor/laravel/framework/src/Illuminate/Routing/Router.php(737): Illuminate\Routing\Router->dispatchToRoute()
#31 /home/u177601598/domains/bulk.com.sa/public_html/@core/vendor/laravel/framework/src/Illuminate/Foundation/Http/Kernel.php(200): Illuminate\Routing\Router->dispatch()
#32 /home/u177601598/domains/bulk.com.sa/public_html/@core/vendor/laravel/framework/src/Illuminate/Pipeline/Pipeline.php(144): Illuminate\Foundation\Http\Kernel->Illuminate\Foundation\Http\{closure}()
#33 /home/u177601598/domains/bulk.com.sa/public_html/@core/vendor/xgenious/installer/src/Http/Middleware/InstallerMiddleware.php(18): Illuminate\Pipeline\Pipeline->Illuminate\Pipeline\{closure}()
#34 /home/u177601598/domains/bulk.com.sa/public_html/@core/vendor/laravel/framework/src/Illuminate/Pipeline/Pipeline.php(183): Xgenious\Installer\Http\Middleware\InstallerMiddleware->handle()
#35 /home/u177601598/domains/bulk.com.sa/public_html/@core/vendor/laravel/framework/src/Illuminate/Foundation/Http/Middleware/TransformsRequest.php(21): Illuminate\Pipeline\Pipeline->Illuminate\Pipeline\{closure}()
#36 /home/u177601598/domains/bulk.com.sa/public_html/@core/vendor/laravel/framework/src/Illuminate/Foundation/Http/Middleware/ConvertEmptyStringsToNull.php(31): Illuminate\Foundation\Http\Middleware\TransformsRequest->handle()
#37 /home/u177601598/domains/bulk.com.sa/public_html/@core/vendor/laravel/framework/src/Illuminate/Pipeline/Pipeline.php(183): Illuminate\Foundation\Http\Middleware\ConvertEmptyStringsToNull->handle()
#38 /home/u177601598/domains/bulk.com.sa/public_html/@core/vendor/laravel/framework/src/Illuminate/Foundation/Http/Middleware/TransformsRequest.php(21): Illuminate\Pipeline\Pipeline->Illuminate\Pipeline\{closure}()
#39 /home/u177601598/domains/bulk.com.sa/public_html/@core/vendor/laravel/framework/src/Illuminate/Foundation/Http/Middleware/TrimStrings.php(40): Illuminate\Foundation\Http\Middleware\TransformsRequest->handle()
#40 /home/u177601598/domains/bulk.com.sa/public_html/@core/vendor/laravel/framework/src/Illuminate/Pipeline/Pipeline.php(183): Illuminate\Foundation\Http\Middleware\TrimStrings->handle()
#41 /home/u177601598/domains/bulk.com.sa/public_html/@core/vendor/laravel/framework/src/Illuminate/Foundation/Http/Middleware/ValidatePostSize.php(27): Illuminate\Pipeline\Pipeline->Illuminate\Pipeline\{closure}()
#42 /home/u177601598/domains/bulk.com.sa/public_html/@core/vendor/laravel/framework/src/Illuminate/Pipeline/Pipeline.php(183): Illuminate\Foundation\Http\Middleware\ValidatePostSize->handle()
#43 /home/u177601598/domains/bulk.com.sa/public_html/@core/vendor/laravel/framework/src/Illuminate/Foundation/Http/Middleware/PreventRequestsDuringMaintenance.php(99): Illuminate\Pipeline\Pipeline->Illuminate\Pipeline\{closure}()
#44 /home/u177601598/domains/bulk.com.sa/public_html/@core/vendor/laravel/framework/src/Illuminate/Pipeline/Pipeline.php(183): Illuminate\Foundation\Http\Middleware\PreventRequestsDuringMaintenance->handle()
#45 /home/u177601598/domains/bulk.com.sa/public_html/@core/vendor/laravel/framework/src/Illuminate/Http/Middleware/TrustProxies.php(39): Illuminate\Pipeline\Pipeline->Illuminate\Pipeline\{closure}()
#46 /home/u177601598/domains/bulk.com.sa/public_html/@core/vendor/laravel/framework/src/Illuminate/Pipeline/Pipeline.php(183): Illuminate\Http\Middleware\TrustProxies->handle()
#47 /home/u177601598/domains/bulk.com.sa/public_html/@core/vendor/laravel/framework/src/Illuminate/Pipeline/Pipeline.php(119): Illuminate\Pipeline\Pipeline->Illuminate\Pipeline\{closure}()
#48 /home/u177601598/domains/bulk.com.sa/public_html/@core/vendor/laravel/framework/src/Illuminate/Foundation/Http/Kernel.php(175): Illuminate\Pipeline\Pipeline->then()
#49 /home/u177601598/domains/bulk.com.sa/public_html/@core/vendor/laravel/framework/src/Illuminate/Foundation/Http/Kernel.php(144): Illuminate\Foundation\Http\Kernel->sendRequestThroughRouter()
#50 /home/u177601598/domains/bulk.com.sa/public_html/index.php(54): Illuminate\Foundation\Http\Kernel->handle()
#51 {main}  
