[2025-07-12 06:46:53] production.ERROR: Undefined variable $price {"view":{"view":"/home/u177601598/domains/bulk.com.sa/public_html/@core/resources/views/components/frontend/donation/grid.blade.php","data":[]},"exception":"[object] (Spatie\\LaravelIgnition\\Exceptions\\ViewException(code: 0): Undefined variable $price at /home/u177601598/domains/bulk.com.sa/public_html/@core/resources/views/components/frontend/donation/grid.blade.php:40)
[stacktrace]
#0 /home/u177601598/domains/bulk.com.sa/public_html/@core/vendor/laravel/framework/src/Illuminate/Foundation/Bootstrap/HandleExceptions.php(255): Illuminate\\Foundation\\Bootstrap\\HandleExceptions->handleError()
#1 /home/u177601598/domains/bulk.com.sa/public_html/@core/resources/views/components/frontend/donation/grid.blade.php(40): Illuminate\\Foundation\\Bootstrap\\HandleExceptions->Illuminate\\Foundation\\Bootstrap\\{closure}()
#2 /home/u177601598/domains/bulk.com.sa/public_html/@core/vendor/laravel/framework/src/Illuminate/Filesystem/Filesystem.php(123): require('/home/u17760159...')
#3 /home/u177601598/domains/bulk.com.sa/public_html/@core/vendor/laravel/framework/src/Illuminate/Filesystem/Filesystem.php(124): Illuminate\\Filesystem\\Filesystem::Illuminate\\Filesystem\\{closure}()
#4 /home/u177601598/domains/bulk.com.sa/public_html/@core/vendor/laravel/framework/src/Illuminate/View/Engines/PhpEngine.php(58): Illuminate\\Filesystem\\Filesystem->getRequire()
#5 /home/u177601598/domains/bulk.com.sa/public_html/@core/vendor/laravel/framework/src/Illuminate/View/Engines/CompilerEngine.php(72): Illuminate\\View\\Engines\\PhpEngine->evaluatePath()
#6 /home/u177601598/domains/bulk.com.sa/public_html/@core/vendor/laravel/framework/src/Illuminate/View/View.php(207): Illuminate\\View\\Engines\\CompilerEngine->get()
#7 /home/u177601598/domains/bulk.com.sa/public_html/@core/vendor/laravel/framework/src/Illuminate/View/View.php(190): Illuminate\\View\\View->getContents()
#8 /home/u177601598/domains/bulk.com.sa/public_html/@core/vendor/laravel/framework/src/Illuminate/View/View.php(159): Illuminate\\View\\View->renderContents()
#9 /home/u177601598/domains/bulk.com.sa/public_html/@core/vendor/laravel/framework/src/Illuminate/View/Concerns/ManagesComponents.php(103): Illuminate\\View\\View->render()
#10 /home/u177601598/domains/bulk.com.sa/public_html/@core/resources/views/frontend/donations/donation-category.blade.php(18): Illuminate\\View\\Factory->renderComponent()
#11 /home/u177601598/domains/bulk.com.sa/public_html/@core/vendor/laravel/framework/src/Illuminate/Filesystem/Filesystem.php(123): require('/home/u17760159...')
#12 /home/u177601598/domains/bulk.com.sa/public_html/@core/vendor/laravel/framework/src/Illuminate/Filesystem/Filesystem.php(124): Illuminate\\Filesystem\\Filesystem::Illuminate\\Filesystem\\{closure}()
#13 /home/u177601598/domains/bulk.com.sa/public_html/@core/vendor/laravel/framework/src/Illuminate/View/Engines/PhpEngine.php(58): Illuminate\\Filesystem\\Filesystem->getRequire()
#14 /home/u177601598/domains/bulk.com.sa/public_html/@core/vendor/laravel/framework/src/Illuminate/View/Engines/CompilerEngine.php(72): Illuminate\\View\\Engines\\PhpEngine->evaluatePath()
#15 /home/u177601598/domains/bulk.com.sa/public_html/@core/vendor/laravel/framework/src/Illuminate/View/View.php(207): Illuminate\\View\\Engines\\CompilerEngine->get()
#16 /home/u177601598/domains/bulk.com.sa/public_html/@core/vendor/laravel/framework/src/Illuminate/View/View.php(190): Illuminate\\View\\View->getContents()
#17 /home/u177601598/domains/bulk.com.sa/public_html/@core/vendor/laravel/framework/src/Illuminate/View/View.php(159): Illuminate\\View\\View->renderContents()
#18 /home/u177601598/domains/bulk.com.sa/public_html/@core/vendor/laravel/framework/src/Illuminate/Http/Response.php(69): Illuminate\\View\\View->render()
#19 /home/u177601598/domains/bulk.com.sa/public_html/@core/vendor/laravel/framework/src/Illuminate/Http/Response.php(35): Illuminate\\Http\\Response->setContent()
#20 /home/u177601598/domains/bulk.com.sa/public_html/@core/vendor/laravel/framework/src/Illuminate/Routing/Router.php(918): Illuminate\\Http\\Response->__construct()
#21 /home/u177601598/domains/bulk.com.sa/public_html/@core/vendor/laravel/framework/src/Illuminate/Routing/Router.php(885): Illuminate\\Routing\\Router::toResponse()
#22 /home/u177601598/domains/bulk.com.sa/public_html/@core/vendor/laravel/framework/src/Illuminate/Routing/Router.php(805): Illuminate\\Routing\\Router->prepareResponse()
#23 /home/u177601598/domains/bulk.com.sa/public_html/@core/vendor/laravel/framework/src/Illuminate/Pipeline/Pipeline.php(144): Illuminate\\Routing\\Router->Illuminate\\Routing\\{closure}()
#24 /home/u177601598/domains/bulk.com.sa/public_html/@core/app/Http/Middleware/MaintainsMode.php(22): Illuminate\\Pipeline\\Pipeline->Illuminate\\Pipeline\\{closure}()
#25 /home/u177601598/domains/bulk.com.sa/public_html/@core/vendor/laravel/framework/src/Illuminate/Pipeline/Pipeline.php(183): App\\Http\\Middleware\\MaintainsMode->handle()
#26 /home/u177601598/domains/bulk.com.sa/public_html/@core/app/Http/Middleware/GlobalVariableMiddleware.php(91): Illuminate\\Pipeline\\Pipeline->Illuminate\\Pipeline\\{closure}()
#27 /home/u177601598/domains/bulk.com.sa/public_html/@core/vendor/laravel/framework/src/Illuminate/Pipeline/Pipeline.php(183): App\\Http\\Middleware\\GlobalVariableMiddleware->handle()
#28 /home/u177601598/domains/bulk.com.sa/public_html/@core/app/Http/Middleware/SetLang.php(31): Illuminate\\Pipeline\\Pipeline->Illuminate\\Pipeline\\{closure}()
#29 /home/u177601598/domains/bulk.com.sa/public_html/@core/vendor/laravel/framework/src/Illuminate/Pipeline/Pipeline.php(183): App\\Http\\Middleware\\SetLang->handle()
#30 /home/u177601598/domains/bulk.com.sa/public_html/@core/vendor/laravel/framework/src/Illuminate/Routing/Middleware/SubstituteBindings.php(50): Illuminate\\Pipeline\\Pipeline->Illuminate\\Pipeline\\{closure}()
#31 /home/u177601598/domains/bulk.com.sa/public_html/@core/vendor/laravel/framework/src/Illuminate/Pipeline/Pipeline.php(183): Illuminate\\Routing\\Middleware\\SubstituteBindings->handle()
#32 /home/u177601598/domains/bulk.com.sa/public_html/@core/vendor/laravel/framework/src/Illuminate/Foundation/Http/Middleware/VerifyCsrfToken.php(78): Illuminate\\Pipeline\\Pipeline->Illuminate\\Pipeline\\{closure}()
#33 /home/u177601598/domains/bulk.com.sa/public_html/@core/vendor/laravel/framework/src/Illuminate/Pipeline/Pipeline.php(183): Illuminate\\Foundation\\Http\\Middleware\\VerifyCsrfToken->handle()
#34 /home/u177601598/domains/bulk.com.sa/public_html/@core/vendor/laravel/framework/src/Illuminate/View/Middleware/ShareErrorsFromSession.php(49): Illuminate\\Pipeline\\Pipeline->Illuminate\\Pipeline\\{closure}()
#35 /home/u177601598/domains/bulk.com.sa/public_html/@core/vendor/laravel/framework/src/Illuminate/Pipeline/Pipeline.php(183): Illuminate\\View\\Middleware\\ShareErrorsFromSession->handle()
#36 /home/u177601598/domains/bulk.com.sa/public_html/@core/vendor/laravel/framework/src/Illuminate/Session/Middleware/StartSession.php(121): Illuminate\\Pipeline\\Pipeline->Illuminate\\Pipeline\\{closure}()
#37 /home/u177601598/domains/bulk.com.sa/public_html/@core/vendor/laravel/framework/src/Illuminate/Session/Middleware/StartSession.php(64): Illuminate\\Session\\Middleware\\StartSession->handleStatefulRequest()
#38 /home/u177601598/domains/bulk.com.sa/public_html/@core/vendor/laravel/framework/src/Illuminate/Pipeline/Pipeline.php(183): Illuminate\\Session\\Middleware\\StartSession->handle()
#39 /home/u177601598/domains/bulk.com.sa/public_html/@core/vendor/laravel/framework/src/Illuminate/Cookie/Middleware/AddQueuedCookiesToResponse.php(37): Illuminate\\Pipeline\\Pipeline->Illuminate\\Pipeline\\{closure}()
#40 /home/u177601598/domains/bulk.com.sa/public_html/@core/vendor/laravel/framework/src/Illuminate/Pipeline/Pipeline.php(183): Illuminate\\Cookie\\Middleware\\AddQueuedCookiesToResponse->handle()
#41 /home/u177601598/domains/bulk.com.sa/public_html/@core/vendor/laravel/framework/src/Illuminate/Cookie/Middleware/EncryptCookies.php(67): Illuminate\\Pipeline\\Pipeline->Illuminate\\Pipeline\\{closure}()
#42 /home/u177601598/domains/bulk.com.sa/public_html/@core/vendor/laravel/framework/src/Illuminate/Pipeline/Pipeline.php(183): Illuminate\\Cookie\\Middleware\\EncryptCookies->handle()
#43 /home/u177601598/domains/bulk.com.sa/public_html/@core/vendor/laravel/framework/src/Illuminate/Pipeline/Pipeline.php(119): Illuminate\\Pipeline\\Pipeline->Illuminate\\Pipeline\\{closure}()
#44 /home/u177601598/domains/bulk.com.sa/public_html/@core/vendor/laravel/framework/src/Illuminate/Routing/Router.php(805): Illuminate\\Pipeline\\Pipeline->then()
#45 /home/u177601598/domains/bulk.com.sa/public_html/@core/vendor/laravel/framework/src/Illuminate/Routing/Router.php(784): Illuminate\\Routing\\Router->runRouteWithinStack()
#46 /home/u177601598/domains/bulk.com.sa/public_html/@core/vendor/laravel/framework/src/Illuminate/Routing/Router.php(748): Illuminate\\Routing\\Router->runRoute()
#47 /home/u177601598/domains/bulk.com.sa/public_html/@core/vendor/laravel/framework/src/Illuminate/Routing/Router.php(737): Illuminate\\Routing\\Router->dispatchToRoute()
#48 /home/u177601598/domains/bulk.com.sa/public_html/@core/vendor/laravel/framework/src/Illuminate/Foundation/Http/Kernel.php(200): Illuminate\\Routing\\Router->dispatch()
#49 /home/u177601598/domains/bulk.com.sa/public_html/@core/vendor/laravel/framework/src/Illuminate/Pipeline/Pipeline.php(144): Illuminate\\Foundation\\Http\\Kernel->Illuminate\\Foundation\\Http\\{closure}()
#50 /home/u177601598/domains/bulk.com.sa/public_html/@core/vendor/xgenious/installer/src/Http/Middleware/InstallerMiddleware.php(18): Illuminate\\Pipeline\\Pipeline->Illuminate\\Pipeline\\{closure}()
#51 /home/u177601598/domains/bulk.com.sa/public_html/@core/vendor/laravel/framework/src/Illuminate/Pipeline/Pipeline.php(183): Xgenious\\Installer\\Http\\Middleware\\InstallerMiddleware->handle()
#52 /home/u177601598/domains/bulk.com.sa/public_html/@core/vendor/laravel/framework/src/Illuminate/Foundation/Http/Middleware/TransformsRequest.php(21): Illuminate\\Pipeline\\Pipeline->Illuminate\\Pipeline\\{closure}()
#53 /home/u177601598/domains/bulk.com.sa/public_html/@core/vendor/laravel/framework/src/Illuminate/Foundation/Http/Middleware/ConvertEmptyStringsToNull.php(31): Illuminate\\Foundation\\Http\\Middleware\\TransformsRequest->handle()
#54 /home/u177601598/domains/bulk.com.sa/public_html/@core/vendor/laravel/framework/src/Illuminate/Pipeline/Pipeline.php(183): Illuminate\\Foundation\\Http\\Middleware\\ConvertEmptyStringsToNull->handle()
#55 /home/u177601598/domains/bulk.com.sa/public_html/@core/vendor/laravel/framework/src/Illuminate/Foundation/Http/Middleware/TransformsRequest.php(21): Illuminate\\Pipeline\\Pipeline->Illuminate\\Pipeline\\{closure}()
#56 /home/u177601598/domains/bulk.com.sa/public_html/@core/vendor/laravel/framework/src/Illuminate/Foundation/Http/Middleware/TrimStrings.php(40): Illuminate\\Foundation\\Http\\Middleware\\TransformsRequest->handle()
#57 /home/u177601598/domains/bulk.com.sa/public_html/@core/vendor/laravel/framework/src/Illuminate/Pipeline/Pipeline.php(183): Illuminate\\Foundation\\Http\\Middleware\\TrimStrings->handle()
#58 /home/u177601598/domains/bulk.com.sa/public_html/@core/vendor/laravel/framework/src/Illuminate/Foundation/Http/Middleware/ValidatePostSize.php(27): Illuminate\\Pipeline\\Pipeline->Illuminate\\Pipeline\\{closure}()
#59 /home/u177601598/domains/bulk.com.sa/public_html/@core/vendor/laravel/framework/src/Illuminate/Pipeline/Pipeline.php(183): Illuminate\\Foundation\\Http\\Middleware\\ValidatePostSize->handle()
#60 /home/u177601598/domains/bulk.com.sa/public_html/@core/vendor/laravel/framework/src/Illuminate/Foundation/Http/Middleware/PreventRequestsDuringMaintenance.php(99): Illuminate\\Pipeline\\Pipeline->Illuminate\\Pipeline\\{closure}()
#61 /home/u177601598/domains/bulk.com.sa/public_html/@core/vendor/laravel/framework/src/Illuminate/Pipeline/Pipeline.php(183): Illuminate\\Foundation\\Http\\Middleware\\PreventRequestsDuringMaintenance->handle()
#62 /home/u177601598/domains/bulk.com.sa/public_html/@core/vendor/laravel/framework/src/Illuminate/Http/Middleware/TrustProxies.php(39): Illuminate\\Pipeline\\Pipeline->Illuminate\\Pipeline\\{closure}()
#63 /home/u177601598/domains/bulk.com.sa/public_html/@core/vendor/laravel/framework/src/Illuminate/Pipeline/Pipeline.php(183): Illuminate\\Http\\Middleware\\TrustProxies->handle()
#64 /home/u177601598/domains/bulk.com.sa/public_html/@core/vendor/laravel/framework/src/Illuminate/Pipeline/Pipeline.php(119): Illuminate\\Pipeline\\Pipeline->Illuminate\\Pipeline\\{closure}()
#65 /home/u177601598/domains/bulk.com.sa/public_html/@core/vendor/laravel/framework/src/Illuminate/Foundation/Http/Kernel.php(175): Illuminate\\Pipeline\\Pipeline->then()
#66 /home/u177601598/domains/bulk.com.sa/public_html/@core/vendor/laravel/framework/src/Illuminate/Foundation/Http/Kernel.php(144): Illuminate\\Foundation\\Http\\Kernel->sendRequestThroughRouter()
#67 /home/u177601598/domains/bulk.com.sa/public_html/index.php(54): Illuminate\\Foundation\\Http\\Kernel->handle()
#68 {main}

[previous exception] [object] (ErrorException(code: 0): Undefined variable $price at /home/u177601598/domains/bulk.com.sa/public_html/@core/storage/framework/views/ba0526f30545af9078aa6c373f408885.php:41)
[stacktrace]
#0 /home/u177601598/domains/bulk.com.sa/public_html/@core/vendor/laravel/framework/src/Illuminate/Foundation/Bootstrap/HandleExceptions.php(255): Illuminate\\Foundation\\Bootstrap\\HandleExceptions->handleError()
#1 /home/u177601598/domains/bulk.com.sa/public_html/@core/storage/framework/views/ba0526f30545af9078aa6c373f408885.php(41): Illuminate\\Foundation\\Bootstrap\\HandleExceptions->Illuminate\\Foundation\\Bootstrap\\{closure}()
#2 /home/u177601598/domains/bulk.com.sa/public_html/@core/vendor/laravel/framework/src/Illuminate/Filesystem/Filesystem.php(123): require('/home/u17760159...')
#3 /home/u177601598/domains/bulk.com.sa/public_html/@core/vendor/laravel/framework/src/Illuminate/Filesystem/Filesystem.php(124): Illuminate\\Filesystem\\Filesystem::Illuminate\\Filesystem\\{closure}()
#4 /home/u177601598/domains/bulk.com.sa/public_html/@core/vendor/laravel/framework/src/Illuminate/View/Engines/PhpEngine.php(58): Illuminate\\Filesystem\\Filesystem->getRequire()
#5 /home/u177601598/domains/bulk.com.sa/public_html/@core/vendor/laravel/framework/src/Illuminate/View/Engines/CompilerEngine.php(72): Illuminate\\View\\Engines\\PhpEngine->evaluatePath()
#6 /home/u177601598/domains/bulk.com.sa/public_html/@core/vendor/laravel/framework/src/Illuminate/View/View.php(207): Illuminate\\View\\Engines\\CompilerEngine->get()
#7 /home/u177601598/domains/bulk.com.sa/public_html/@core/vendor/laravel/framework/src/Illuminate/View/View.php(190): Illuminate\\View\\View->getContents()
#8 /home/u177601598/domains/bulk.com.sa/public_html/@core/vendor/laravel/framework/src/Illuminate/View/View.php(159): Illuminate\\View\\View->renderContents()
#9 /home/u177601598/domains/bulk.com.sa/public_html/@core/vendor/laravel/framework/src/Illuminate/View/Concerns/ManagesComponents.php(103): Illuminate\\View\\View->render()
#10 /home/u177601598/domains/bulk.com.sa/public_html/@core/storage/framework/views/b0ab0b265a4627aed051670f48b58fa4.php(29): Illuminate\\View\\Factory->renderComponent()
#11 /home/u177601598/domains/bulk.com.sa/public_html/@core/vendor/laravel/framework/src/Illuminate/Filesystem/Filesystem.php(123): require('/home/u17760159...')
#12 /home/u177601598/domains/bulk.com.sa/public_html/@core/vendor/laravel/framework/src/Illuminate/Filesystem/Filesystem.php(124): Illuminate\\Filesystem\\Filesystem::Illuminate\\Filesystem\\{closure}()
#13 /home/u177601598/domains/bulk.com.sa/public_html/@core/vendor/laravel/framework/src/Illuminate/View/Engines/PhpEngine.php(58): Illuminate\\Filesystem\\Filesystem->getRequire()
#14 /home/u177601598/domains/bulk.com.sa/public_html/@core/vendor/laravel/framework/src/Illuminate/View/Engines/CompilerEngine.php(72): Illuminate\\View\\Engines\\PhpEngine->evaluatePath()
#15 /home/u177601598/domains/bulk.com.sa/public_html/@core/vendor/laravel/framework/src/Illuminate/View/View.php(207): Illuminate\\View\\Engines\\CompilerEngine->get()
#16 /home/u177601598/domains/bulk.com.sa/public_html/@core/vendor/laravel/framework/src/Illuminate/View/View.php(190): Illuminate\\View\\View->getContents()
#17 /home/u177601598/domains/bulk.com.sa/public_html/@core/vendor/laravel/framework/src/Illuminate/View/View.php(159): Illuminate\\View\\View->renderContents()
#18 /home/u177601598/domains/bulk.com.sa/public_html/@core/vendor/laravel/framework/src/Illuminate/Http/Response.php(69): Illuminate\\View\\View->render()
#19 /home/u177601598/domains/bulk.com.sa/public_html/@core/vendor/laravel/framework/src/Illuminate/Http/Response.php(35): Illuminate\\Http\\Response->setContent()
#20 /home/u177601598/domains/bulk.com.sa/public_html/@core/vendor/laravel/framework/src/Illuminate/Routing/Router.php(918): Illuminate\\Http\\Response->__construct()
#21 /home/u177601598/domains/bulk.com.sa/public_html/@core/vendor/laravel/framework/src/Illuminate/Routing/Router.php(885): Illuminate\\Routing\\Router::toResponse()
#22 /home/u177601598/domains/bulk.com.sa/public_html/@core/vendor/laravel/framework/src/Illuminate/Routing/Router.php(805): Illuminate\\Routing\\Router->prepareResponse()
#23 /home/u177601598/domains/bulk.com.sa/public_html/@core/vendor/laravel/framework/src/Illuminate/Pipeline/Pipeline.php(144): Illuminate\\Routing\\Router->Illuminate\\Routing\\{closure}()
#24 /home/u177601598/domains/bulk.com.sa/public_html/@core/app/Http/Middleware/MaintainsMode.php(22): Illuminate\\Pipeline\\Pipeline->Illuminate\\Pipeline\\{closure}()
#25 /home/u177601598/domains/bulk.com.sa/public_html/@core/vendor/laravel/framework/src/Illuminate/Pipeline/Pipeline.php(183): App\\Http\\Middleware\\MaintainsMode->handle()
#26 /home/u177601598/domains/bulk.com.sa/public_html/@core/app/Http/Middleware/GlobalVariableMiddleware.php(91): Illuminate\\Pipeline\\Pipeline->Illuminate\\Pipeline\\{closure}()
#27 /home/u177601598/domains/bulk.com.sa/public_html/@core/vendor/laravel/framework/src/Illuminate/Pipeline/Pipeline.php(183): App\\Http\\Middleware\\GlobalVariableMiddleware->handle()
#28 /home/u177601598/domains/bulk.com.sa/public_html/@core/app/Http/Middleware/SetLang.php(31): Illuminate\\Pipeline\\Pipeline->Illuminate\\Pipeline\\{closure}()
#29 /home/u177601598/domains/bulk.com.sa/public_html/@core/vendor/laravel/framework/src/Illuminate/Pipeline/Pipeline.php(183): App\\Http\\Middleware\\SetLang->handle()
#30 /home/u177601598/domains/bulk.com.sa/public_html/@core/vendor/laravel/framework/src/Illuminate/Routing/Middleware/SubstituteBindings.php(50): Illuminate\\Pipeline\\Pipeline->Illuminate\\Pipeline\\{closure}()
#31 /home/u177601598/domains/bulk.com.sa/public_html/@core/vendor/laravel/framework/src/Illuminate/Pipeline/Pipeline.php(183): Illuminate\\Routing\\Middleware\\SubstituteBindings->handle()
#32 /home/u177601598/domains/bulk.com.sa/public_html/@core/vendor/laravel/framework/src/Illuminate/Foundation/Http/Middleware/VerifyCsrfToken.php(78): Illuminate\\Pipeline\\Pipeline->Illuminate\\Pipeline\\{closure}()
#33 /home/u177601598/domains/bulk.com.sa/public_html/@core/vendor/laravel/framework/src/Illuminate/Pipeline/Pipeline.php(183): Illuminate\\Foundation\\Http\\Middleware\\VerifyCsrfToken->handle()
#34 /home/u177601598/domains/bulk.com.sa/public_html/@core/vendor/laravel/framework/src/Illuminate/View/Middleware/ShareErrorsFromSession.php(49): Illuminate\\Pipeline\\Pipeline->Illuminate\\Pipeline\\{closure}()
#35 /home/u177601598/domains/bulk.com.sa/public_html/@core/vendor/laravel/framework/src/Illuminate/Pipeline/Pipeline.php(183): Illuminate\\View\\Middleware\\ShareErrorsFromSession->handle()
#36 /home/u177601598/domains/bulk.com.sa/public_html/@core/vendor/laravel/framework/src/Illuminate/Session/Middleware/StartSession.php(121): Illuminate\\Pipeline\\Pipeline->Illuminate\\Pipeline\\{closure}()
#37 /home/u177601598/domains/bulk.com.sa/public_html/@core/vendor/laravel/framework/src/Illuminate/Session/Middleware/StartSession.php(64): Illuminate\\Session\\Middleware\\StartSession->handleStatefulRequest()
#38 /home/u177601598/domains/bulk.com.sa/public_html/@core/vendor/laravel/framework/src/Illuminate/Pipeline/Pipeline.php(183): Illuminate\\Session\\Middleware\\StartSession->handle()
#39 /home/u177601598/domains/bulk.com.sa/public_html/@core/vendor/laravel/framework/src/Illuminate/Cookie/Middleware/AddQueuedCookiesToResponse.php(37): Illuminate\\Pipeline\\Pipeline->Illuminate\\Pipeline\\{closure}()
#40 /home/u177601598/domains/bulk.com.sa/public_html/@core/vendor/laravel/framework/src/Illuminate/Pipeline/Pipeline.php(183): Illuminate\\Cookie\\Middleware\\AddQueuedCookiesToResponse->handle()
#41 /home/u177601598/domains/bulk.com.sa/public_html/@core/vendor/laravel/framework/src/Illuminate/Cookie/Middleware/EncryptCookies.php(67): Illuminate\\Pipeline\\Pipeline->Illuminate\\Pipeline\\{closure}()
#42 /home/u177601598/domains/bulk.com.sa/public_html/@core/vendor/laravel/framework/src/Illuminate/Pipeline/Pipeline.php(183): Illuminate\\Cookie\\Middleware\\EncryptCookies->handle()
#43 /home/u177601598/domains/bulk.com.sa/public_html/@core/vendor/laravel/framework/src/Illuminate/Pipeline/Pipeline.php(119): Illuminate\\Pipeline\\Pipeline->Illuminate\\Pipeline\\{closure}()
#44 /home/u177601598/domains/bulk.com.sa/public_html/@core/vendor/laravel/framework/src/Illuminate/Routing/Router.php(805): Illuminate\\Pipeline\\Pipeline->then()
#45 /home/u177601598/domains/bulk.com.sa/public_html/@core/vendor/laravel/framework/src/Illuminate/Routing/Router.php(784): Illuminate\\Routing\\Router->runRouteWithinStack()
#46 /home/u177601598/domains/bulk.com.sa/public_html/@core/vendor/laravel/framework/src/Illuminate/Routing/Router.php(748): Illuminate\\Routing\\Router->runRoute()
#47 /home/u177601598/domains/bulk.com.sa/public_html/@core/vendor/laravel/framework/src/Illuminate/Routing/Router.php(737): Illuminate\\Routing\\Router->dispatchToRoute()
#48 /home/u177601598/domains/bulk.com.sa/public_html/@core/vendor/laravel/framework/src/Illuminate/Foundation/Http/Kernel.php(200): Illuminate\\Routing\\Router->dispatch()
#49 /home/u177601598/domains/bulk.com.sa/public_html/@core/vendor/laravel/framework/src/Illuminate/Pipeline/Pipeline.php(144): Illuminate\\Foundation\\Http\\Kernel->Illuminate\\Foundation\\Http\\{closure}()
#50 /home/u177601598/domains/bulk.com.sa/public_html/@core/vendor/xgenious/installer/src/Http/Middleware/InstallerMiddleware.php(18): Illuminate\\Pipeline\\Pipeline->Illuminate\\Pipeline\\{closure}()
#51 /home/u177601598/domains/bulk.com.sa/public_html/@core/vendor/laravel/framework/src/Illuminate/Pipeline/Pipeline.php(183): Xgenious\\Installer\\Http\\Middleware\\InstallerMiddleware->handle()
#52 /home/u177601598/domains/bulk.com.sa/public_html/@core/vendor/laravel/framework/src/Illuminate/Foundation/Http/Middleware/TransformsRequest.php(21): Illuminate\\Pipeline\\Pipeline->Illuminate\\Pipeline\\{closure}()
#53 /home/u177601598/domains/bulk.com.sa/public_html/@core/vendor/laravel/framework/src/Illuminate/Foundation/Http/Middleware/ConvertEmptyStringsToNull.php(31): Illuminate\\Foundation\\Http\\Middleware\\TransformsRequest->handle()
#54 /home/u177601598/domains/bulk.com.sa/public_html/@core/vendor/laravel/framework/src/Illuminate/Pipeline/Pipeline.php(183): Illuminate\\Foundation\\Http\\Middleware\\ConvertEmptyStringsToNull->handle()
#55 /home/u177601598/domains/bulk.com.sa/public_html/@core/vendor/laravel/framework/src/Illuminate/Foundation/Http/Middleware/TransformsRequest.php(21): Illuminate\\Pipeline\\Pipeline->Illuminate\\Pipeline\\{closure}()
#56 /home/u177601598/domains/bulk.com.sa/public_html/@core/vendor/laravel/framework/src/Illuminate/Foundation/Http/Middleware/TrimStrings.php(40): Illuminate\\Foundation\\Http\\Middleware\\TransformsRequest->handle()
#57 /home/u177601598/domains/bulk.com.sa/public_html/@core/vendor/laravel/framework/src/Illuminate/Pipeline/Pipeline.php(183): Illuminate\\Foundation\\Http\\Middleware\\TrimStrings->handle()
#58 /home/u177601598/domains/bulk.com.sa/public_html/@core/vendor/laravel/framework/src/Illuminate/Foundation/Http/Middleware/ValidatePostSize.php(27): Illuminate\\Pipeline\\Pipeline->Illuminate\\Pipeline\\{closure}()
#59 /home/u177601598/domains/bulk.com.sa/public_html/@core/vendor/laravel/framework/src/Illuminate/Pipeline/Pipeline.php(183): Illuminate\\Foundation\\Http\\Middleware\\ValidatePostSize->handle()
#60 /home/u177601598/domains/bulk.com.sa/public_html/@core/vendor/laravel/framework/src/Illuminate/Foundation/Http/Middleware/PreventRequestsDuringMaintenance.php(99): Illuminate\\Pipeline\\Pipeline->Illuminate\\Pipeline\\{closure}()
#61 /home/u177601598/domains/bulk.com.sa/public_html/@core/vendor/laravel/framework/src/Illuminate/Pipeline/Pipeline.php(183): Illuminate\\Foundation\\Http\\Middleware\\PreventRequestsDuringMaintenance->handle()
#62 /home/u177601598/domains/bulk.com.sa/public_html/@core/vendor/laravel/framework/src/Illuminate/Http/Middleware/TrustProxies.php(39): Illuminate\\Pipeline\\Pipeline->Illuminate\\Pipeline\\{closure}()
#63 /home/u177601598/domains/bulk.com.sa/public_html/@core/vendor/laravel/framework/src/Illuminate/Pipeline/Pipeline.php(183): Illuminate\\Http\\Middleware\\TrustProxies->handle()
#64 /home/u177601598/domains/bulk.com.sa/public_html/@core/vendor/laravel/framework/src/Illuminate/Pipeline/Pipeline.php(119): Illuminate\\Pipeline\\Pipeline->Illuminate\\Pipeline\\{closure}()
#65 /home/u177601598/domains/bulk.com.sa/public_html/@core/vendor/laravel/framework/src/Illuminate/Foundation/Http/Kernel.php(175): Illuminate\\Pipeline\\Pipeline->then()
#66 /home/u177601598/domains/bulk.com.sa/public_html/@core/vendor/laravel/framework/src/Illuminate/Foundation/Http/Kernel.php(144): Illuminate\\Foundation\\Http\\Kernel->sendRequestThroughRouter()
#67 /home/u177601598/domains/bulk.com.sa/public_html/index.php(54): Illuminate\\Foundation\\Http\\Kernel->handle()
#68 {main}
"} 
