[2025-09-29 08:02:35] production.ERROR: syntax error, unexpected identifier "غير" {"exception":"[object] (ParseError(code: 0): syntax error, unexpected identifier \"غير\" at /home/u177601598/domains/bulk.com.sa/public_html/@core/app/Http/Controllers/FrontendController.php:70)
[stacktrace]
#0 /home/u177601598/domains/bulk.com.sa/public_html/@core/vendor/composer/ClassLoader.php(427): Composer\\Autoload\\{closure}()
#1 [internal function]: Composer\\Autoload\\ClassLoader->loadClass()
#2 /home/u177601598/domains/bulk.com.sa/public_html/@core/vendor/laravel/framework/src/Illuminate/Routing/Route.php(1096): is_a()
#3 /home/u177601598/domains/bulk.com.sa/public_html/@core/vendor/laravel/framework/src/Illuminate/Routing/Route.php(1035): Illuminate\\Routing\\Route->controllerMiddleware()
#4 /home/u177601598/domains/bulk.com.sa/public_html/@core/vendor/laravel/framework/src/Illuminate/Routing/Router.php(818): Illuminate\\Routing\\Route->gatherMiddleware()
#5 /home/u177601598/domains/bulk.com.sa/public_html/@core/vendor/laravel/framework/src/Illuminate/Routing/Router.php(800): Illuminate\\Routing\\Router->gatherRouteMiddleware()
#6 /home/u177601598/domains/bulk.com.sa/public_html/@core/vendor/laravel/framework/src/Illuminate/Routing/Router.php(784): Illuminate\\Routing\\Router->runRouteWithinStack()
#7 /home/u177601598/domains/bulk.com.sa/public_html/@core/vendor/laravel/framework/src/Illuminate/Routing/Router.php(748): Illuminate\\Routing\\Router->runRoute()
#8 /home/u177601598/domains/bulk.com.sa/public_html/@core/vendor/laravel/framework/src/Illuminate/Routing/Router.php(737): Illuminate\\Routing\\Router->dispatchToRoute()
#9 /home/u177601598/domains/bulk.com.sa/public_html/@core/vendor/laravel/framework/src/Illuminate/Foundation/Http/Kernel.php(200): Illuminate\\Routing\\Router->dispatch()
#10 /home/u177601598/domains/bulk.com.sa/public_html/@core/vendor/laravel/framework/src/Illuminate/Pipeline/Pipeline.php(144): Illuminate\\Foundation\\Http\\Kernel->Illuminate\\Foundation\\Http\\{closure}()
#11 /home/u177601598/domains/bulk.com.sa/public_html/@core/vendor/xgenious/installer/src/Http/Middleware/InstallerMiddleware.php(18): Illuminate\\Pipeline\\Pipeline->Illuminate\\Pipeline\\{closure}()
#12 /home/u177601598/domains/bulk.com.sa/public_html/@core/vendor/laravel/framework/src/Illuminate/Pipeline/Pipeline.php(183): Xgenious\\Installer\\Http\\Middleware\\InstallerMiddleware->handle()
#13 /home/u177601598/domains/bulk.com.sa/public_html/@core/vendor/laravel/framework/src/Illuminate/Foundation/Http/Middleware/TransformsRequest.php(21): Illuminate\\Pipeline\\Pipeline->Illuminate\\Pipeline\\{closure}()
#14 /home/u177601598/domains/bulk.com.sa/public_html/@core/vendor/laravel/framework/src/Illuminate/Foundation/Http/Middleware/ConvertEmptyStringsToNull.php(31): Illuminate\\Foundation\\Http\\Middleware\\TransformsRequest->handle()
#15 /home/u177601598/domains/bulk.com.sa/public_html/@core/vendor/laravel/framework/src/Illuminate/Pipeline/Pipeline.php(183): Illuminate\\Foundation\\Http\\Middleware\\ConvertEmptyStringsToNull->handle()
#16 /home/u177601598/domains/bulk.com.sa/public_html/@core/vendor/laravel/framework/src/Illuminate/Foundation/Http/Middleware/TransformsRequest.php(21): Illuminate\\Pipeline\\Pipeline->Illuminate\\Pipeline\\{closure}()
#17 /home/u177601598/domains/bulk.com.sa/public_html/@core/vendor/laravel/framework/src/Illuminate/Foundation/Http/Middleware/TrimStrings.php(40): Illuminate\\Foundation\\Http\\Middleware\\TransformsRequest->handle()
#18 /home/u177601598/domains/bulk.com.sa/public_html/@core/vendor/laravel/framework/src/Illuminate/Pipeline/Pipeline.php(183): Illuminate\\Foundation\\Http\\Middleware\\TrimStrings->handle()
#19 /home/u177601598/domains/bulk.com.sa/public_html/@core/vendor/laravel/framework/src/Illuminate/Foundation/Http/Middleware/ValidatePostSize.php(27): Illuminate\\Pipeline\\Pipeline->Illuminate\\Pipeline\\{closure}()
#20 /home/u177601598/domains/bulk.com.sa/public_html/@core/vendor/laravel/framework/src/Illuminate/Pipeline/Pipeline.php(183): Illuminate\\Foundation\\Http\\Middleware\\ValidatePostSize->handle()
#21 /home/u177601598/domains/bulk.com.sa/public_html/@core/vendor/laravel/framework/src/Illuminate/Foundation/Http/Middleware/PreventRequestsDuringMaintenance.php(99): Illuminate\\Pipeline\\Pipeline->Illuminate\\Pipeline\\{closure}()
#22 /home/u177601598/domains/bulk.com.sa/public_html/@core/vendor/laravel/framework/src/Illuminate/Pipeline/Pipeline.php(183): Illuminate\\Foundation\\Http\\Middleware\\PreventRequestsDuringMaintenance->handle()
#23 /home/u177601598/domains/bulk.com.sa/public_html/@core/vendor/laravel/framework/src/Illuminate/Http/Middleware/TrustProxies.php(39): Illuminate\\Pipeline\\Pipeline->Illuminate\\Pipeline\\{closure}()
#24 /home/u177601598/domains/bulk.com.sa/public_html/@core/vendor/laravel/framework/src/Illuminate/Pipeline/Pipeline.php(183): Illuminate\\Http\\Middleware\\TrustProxies->handle()
#25 /home/u177601598/domains/bulk.com.sa/public_html/@core/vendor/laravel/framework/src/Illuminate/Pipeline/Pipeline.php(119): Illuminate\\Pipeline\\Pipeline->Illuminate\\Pipeline\\{closure}()
#26 /home/u177601598/domains/bulk.com.sa/public_html/@core/vendor/laravel/framework/src/Illuminate/Foundation/Http/Kernel.php(175): Illuminate\\Pipeline\\Pipeline->then()
#27 /home/u177601598/domains/bulk.com.sa/public_html/@core/vendor/laravel/framework/src/Illuminate/Foundation/Http/Kernel.php(144): Illuminate\\Foundation\\Http\\Kernel->sendRequestThroughRouter()
#28 /home/u177601598/domains/bulk.com.sa/public_html/index.php(54): Illuminate\\Foundation\\Http\\Kernel->handle()
#29 {main}
"} 
